Build started 08.09.2017 12:48:26.
     1>Project "D:\Cloud\SyncData\jShot2012\jShot\jShot.vcxproj" on node 2 (Build target(s)).
     1>ClCompile:
         C:\Program Files (x86)\Microsoft Visual Studio 12.0\VC\bin\CL.exe /c /ID:\Cloud\SyncData\jShot2012\jShot\libjpeg\ /ID:\Cloud\SyncData\jShot2012\\common\ /ID:\Cloud\SyncData\jShot2012\\JThreadPool\src /ZI /nologo /W3 /WX- /Od /Oy- /D _WINDLL /D _UNICODE /D UNICODE /GF /Gm /EHsc /RTC1 /MTd /GS /fp:precise /Zc:wchar_t /Zc:forScope /Fo"Debug\\" /Fd"Debug\vc120.pdb" /Gd /TP /analyze- /errorReport:prompt libjpeg\jcapimin.cpp libjpeg\jcarith.cpp libjpeg\jccoefct.cpp libjpeg\jccolor.cpp libjpeg\jcdctmgr.cpp libjpeg\jchuff.cpp libjpeg\jcinit.cpp libjpeg\jcmainct.cpp libjpeg\jcmarker.cpp libjpeg\jcmaster.cpp libjpeg\jcomapi.cpp libjpeg\jcparam.cpp libjpeg\jcprepct.cpp libjpeg\jcsample.cpp libjpeg\jdatadst.cpp libjpeg\jerror.cpp libjpeg\jfdctflt.cpp libjpeg\jfdctfst.cpp libjpeg\jfdctint.cpp libjpeg\jmemmgr.cpp libjpeg\jmemnobs.cpp libjpeg\jutils.cpp libjpeg\LibJpeg.cpp src\CJpegCompress.cpp src\CJScreenShot.cpp src\jDll.cpp src\myMgr.cpp
         myMgr.cpp
     1>c1xx : fatal error C1083: Cannot open source file: 'src\myMgr.cpp': No such file or directory
         jDll.cpp
     1>c1xx : fatal error C1083: Cannot open source file: 'src\jDll.cpp': No such file or directory
         CJScreenShot.cpp
     1>d:\cloud\syncdata\jshot2012\jshot\src\cjscreenshot.cpp(131): warning C4018: '<' : signed/unsigned mismatch
         CJpegCompress.cpp
     1>d:\cloud\syncdata\jshot2012\jshot\src\cjpegcompress.cpp(29): warning C4996: 'fopen': This function or variable may be unsafe. Consider using fopen_s instead. To disable deprecation, use _CRT_SECURE_NO_WARNINGS. See online help for details.
                 c:\program files (x86)\microsoft visual studio 12.0\vc\include\stdio.h(211) : see declaration of 'fopen'
         LibJpeg.cpp
         jutils.cpp
         jmemnobs.cpp
         jmemmgr.cpp
     1>d:\cloud\syncdata\jshot2012\jshot\libjpeg\jmemmgr.cpp(774): warning C4996: 'getenv': This function or variable may be unsafe. Consider using _dupenv_s instead. To disable deprecation, use _CRT_SECURE_NO_WARNINGS. See online help for details.
                 c:\program files (x86)\microsoft visual studio 12.0\vc\include\stdlib.h(462) : see declaration of 'getenv'
     1>d:\cloud\syncdata\jshot2012\jshot\libjpeg\jmemmgr.cpp(778): warning C4996: 'sscanf': This function or variable may be unsafe. Consider using sscanf_s instead. To disable deprecation, use _CRT_SECURE_NO_WARNINGS. See online help for details.
                 c:\program files (x86)\microsoft visual studio 12.0\vc\include\stdio.h(304) : see declaration of 'sscanf'
         jfdctint.cpp
     1>d:\cloud\syncdata\jshot2012\jshot\libjpeg\jfdctint.h(50): fatal error C1083: Cannot open include file: 'jdct.h': No such file or directory
         jfdctfst.cpp
     1>d:\cloud\syncdata\jshot2012\jshot\libjpeg\jfdctfst.h(40): fatal error C1083: Cannot open include file: 'jdct.h': No such file or directory
         jfdctflt.cpp
     1>d:\cloud\syncdata\jshot2012\jshot\libjpeg\jfdctflt.h(44): fatal error C1083: Cannot open include file: 'jdct.h': No such file or directory
         jerror.cpp
     1>d:\cloud\syncdata\jshot2012\jshot\libjpeg\jerror.cpp(172): warning C4996: 'sprintf': This function or variable may be unsafe. Consider using sprintf_s instead. To disable deprecation, use _CRT_SECURE_NO_WARNINGS. See online help for details.
                 c:\program files (x86)\microsoft visual studio 12.0\vc\include\stdio.h(356) : see declaration of 'sprintf'
     1>d:\cloud\syncdata\jshot2012\jshot\libjpeg\jerror.cpp(178): warning C4996: 'sprintf': This function or variable may be unsafe. Consider using sprintf_s instead. To disable deprecation, use _CRT_SECURE_NO_WARNINGS. See online help for details.
                 c:\program files (x86)\microsoft visual studio 12.0\vc\include\stdio.h(356) : see declaration of 'sprintf'
         jdatadst.cpp
         jcsample.cpp
         jcprepct.cpp
         jcparam.cpp
         jcomapi.cpp
         jcmaster.cpp
         jcmarker.cpp
         jcmainct.cpp
         Generating Code...
         Compiling...
         jcinit.cpp
     1>d:\cloud\syncdata\jshot2012\jshot\libjpeg\jcdctmgr.h(20): fatal error C1083: Cannot open include file: 'jdct.h': No such file or directory
         jchuff.cpp
     1>d:\cloud\syncdata\jshot2012\jshot\libjpeg\jchuff.cpp(1): fatal error C1083: Cannot open include file: 'jchuff.h': No such file or directory
         jcdctmgr.cpp
     1>d:\cloud\syncdata\jshot2012\jshot\libjpeg\jcdctmgr.h(20): fatal error C1083: Cannot open include file: 'jdct.h': No such file or directory
         jccolor.cpp
         jccoefct.cpp
         jcarith.cpp
         jcapimin.cpp
         Generating Code...
     1>Done Building Project "D:\Cloud\SyncData\jShot2012\jShot\jShot.vcxproj" (Build target(s)) -- FAILED.

Build FAILED.

Time Elapsed 00:00:02.38
