C:\USERS\KOVALEV\DESKTOP\JSHOT2012\JSHOT\DEBUG\JCMAINCT.OBJ
C:\USERS\KOVALEV\DESKTOP\JSHOT2012\JSHOT\DEBUG\JCMARKER.OBJ
C:\USERS\KOVALEV\DESKTOP\JSHOT2012\JSHOT\DEBUG\JCMASTER.OBJ
C:\USERS\KOVALEV\DESKTOP\JSHOT2012\JSHOT\DEBUG\JCOMAPI.OBJ
C:\USERS\KOVALEV\DESKTOP\JSHOT2012\JSHOT\DEBUG\JCPARAM.OBJ
C:\USERS\KOVALEV\DESKTOP\JSHOT2012\JSHOT\DEBUG\JCPREPCT.OBJ
C:\USERS\KOVALEV\DESKTOP\JSHOT2012\JSHOT\DEBUG\JCSAMPLE.OBJ
C:\USERS\KOVALEV\DESKTOP\JSHOT2012\JSHOT\DEBUG\JDATADST.OBJ
C:\USERS\KOVALEV\DESKTOP\JSHOT2012\JSHOT\DEBUG\JERROR.OBJ
C:\USERS\KOVALEV\DESKTOP\JSHOT2012\JSHOT\DEBUG\JFDCTFLT.OBJ
C:\USERS\KOVALEV\DESKTOP\JSHOT2012\JSHOT\DEBUG\JFDCTFST.OBJ
C:\USERS\KOVALEV\DESKTOP\JSHOT2012\JSHOT\DEBUG\JFDCTINT.OBJ
C:\USERS\KOVALEV\DESKTOP\JSHOT2012\JSHOT\DEBUG\JMEMMGR.OBJ
C:\USERS\KOVALEV\DESKTOP\JSHOT2012\JSHOT\DEBUG\JMEMNOBS.OBJ
C:\USERS\KOVALEV\DESKTOP\JSHOT2012\JSHOT\DEBUG\JUTILS.OBJ
C:\USERS\KOVALEV\DESKTOP\JSHOT2012\JSHOT\DEBUG\LIBJPEG.OBJ
C:\USERS\KOVALEV\DESKTOP\JSHOT2012\JSHOT\DEBUG\CJPEGCOMPRESS.OBJ
C:\USERS\KOVALEV\DESKTOP\JSHOT2012\JSHOT\DEBUG\CJSCREENSHOT.OBJ
C:\USERS\KOVALEV\DESKTOP\JSHOT2012\JSHOT\DEBUG\JDLL.OBJ
C:\USERS\KOVALEV\DESKTOP\JSHOT2012\JSHOT\DEBUG\MYMGR.OBJ
C:\USERS\KOVALEV\DESKTOP\JSHOT2012\JSHOT\DEBUG\JCAPIMIN.OBJ
C:\USERS\KOVALEV\DESKTOP\JSHOT2012\JSHOT\DEBUG\JCARITH.OBJ
C:\USERS\KOVALEV\DESKTOP\JSHOT2012\JSHOT\DEBUG\JCCOEFCT.OBJ
C:\USERS\KOVALEV\DESKTOP\JSHOT2012\JSHOT\DEBUG\JCCOLOR.OBJ
C:\USERS\KOVALEV\DESKTOP\JSHOT2012\JSHOT\DEBUG\JCDCTMGR.OBJ
C:\USERS\KOVALEV\DESKTOP\JSHOT2012\JSHOT\DEBUG\JCHUFF.OBJ
C:\USERS\KOVALEV\DESKTOP\JSHOT2012\JSHOT\DEBUG\JCINIT.OBJ
C:\USERS\KOVALEV\DESKTOP\JSHOT2012\JSHOT\DEBUG\VC100.PDB
C:\Users\kovalev\Desktop\jShot2012\Debug\jShot.lib
C:\Users\kovalev\Desktop\jShot2012\Debug\jShot.exp
C:\USERS\KOVALEV\DESKTOP\JSHOT2012\DEBUG\JSHOT.ILK
C:\USERS\KOVALEV\DESKTOP\JSHOT2012\DEBUG\JSHOT.DLL
C:\USERS\KOVALEV\DESKTOP\JSHOT2012\JSHOT\DEBUG\JSHOT.DLL.INTERMEDIATE.MANIFEST
C:\USERS\KOVALEV\DESKTOP\JSHOT2012\DEBUG\JSHOT.PDB
C:\Users\kovalev\Desktop\jShot2012\jShot\Debug\CJpegCompress.obj
C:\Users\kovalev\Desktop\jShot2012\jShot\Debug\CJScreenShot.obj
C:\Users\kovalev\Desktop\jShot2012\jShot\Debug\jcapimin.obj
C:\Users\kovalev\Desktop\jShot2012\jShot\Debug\jcarith.obj
C:\Users\kovalev\Desktop\jShot2012\jShot\Debug\jccoefct.obj
C:\Users\kovalev\Desktop\jShot2012\jShot\Debug\jccolor.obj
C:\Users\kovalev\Desktop\jShot2012\jShot\Debug\jcdctmgr.obj
C:\Users\kovalev\Desktop\jShot2012\jShot\Debug\jchuff.obj
C:\Users\kovalev\Desktop\jShot2012\jShot\Debug\jcinit.obj
C:\Users\kovalev\Desktop\jShot2012\jShot\Debug\jcmainct.obj
C:\Users\kovalev\Desktop\jShot2012\jShot\Debug\jcmarker.obj
C:\Users\kovalev\Desktop\jShot2012\jShot\Debug\jcmaster.obj
C:\Users\kovalev\Desktop\jShot2012\jShot\Debug\jcomapi.obj
C:\Users\kovalev\Desktop\jShot2012\jShot\Debug\jcparam.obj
C:\Users\kovalev\Desktop\jShot2012\jShot\Debug\jcprepct.obj
C:\Users\kovalev\Desktop\jShot2012\jShot\Debug\jcsample.obj
C:\Users\kovalev\Desktop\jShot2012\jShot\Debug\jdatadst.obj
C:\Users\kovalev\Desktop\jShot2012\jShot\Debug\jDll.obj
C:\Users\kovalev\Desktop\jShot2012\jShot\Debug\jerror.obj
C:\Users\kovalev\Desktop\jShot2012\jShot\Debug\jfdctflt.obj
C:\Users\kovalev\Desktop\jShot2012\jShot\Debug\jfdctfst.obj
C:\Users\kovalev\Desktop\jShot2012\jShot\Debug\jfdctint.obj
C:\Users\kovalev\Desktop\jShot2012\jShot\Debug\jmemmgr.obj
C:\Users\kovalev\Desktop\jShot2012\jShot\Debug\jmemnobs.obj
C:\Users\kovalev\Desktop\jShot2012\jShot\Debug\jutils.obj
C:\Users\kovalev\Desktop\jShot2012\jShot\Debug\LibJpeg.obj
C:\Users\kovalev\Desktop\jShot2012\jShot\Debug\myMgr.obj
C:\Users\kovalev\Desktop\jShot2012\jShot\Debug\cl.command.1.tlog
C:\Users\kovalev\Desktop\jShot2012\jShot\Debug\CL.read.1.tlog
C:\Users\kovalev\Desktop\jShot2012\jShot\Debug\CL.write.1.tlog
C:\Users\kovalev\Desktop\jShot2012\jShot\Debug\jShot.write.1.tlog
C:\Users\kovalev\Desktop\jShot2012\jShot\Debug\link.command.1.tlog
C:\Users\kovalev\Desktop\jShot2012\jShot\Debug\link.read.1.tlog
C:\Users\kovalev\Desktop\jShot2012\jShot\Debug\link.write.1.tlog
C:\Users\kovalev\Desktop\jShot2012\jShot\Debug\mt.command.1.tlog
C:\Users\kovalev\Desktop\jShot2012\jShot\Debug\mt.read.1.tlog
C:\Users\kovalev\Desktop\jShot2012\jShot\Debug\mt.write.1.tlog
C:\Users\kovalev\Desktop\jShot2012\jShot\Debug\jShot.dll.intermediate.manifest
C:\Users\kovalev\Desktop\jShot2012\jShot\Debug\vc100.idb
C:\Users\kovalev\Desktop\jShot2012\jShot\Debug\vc100.pdb
C:\Users\kovalev\Desktop\jShot2012\Debug\jShot.pdb
C:\Users\kovalev\Desktop\jShot2012\Debug\jShot.dll
C:\Users\kovalev\Desktop\jShot2012\Debug\jShot.ilk
